0 info it worked if it ends with ok
1 verbose cli [ '/home/sardor/.nvm/v0.11.12/bin/node',
1 verbose cli   '/home/sardor/.nvm/v0.11.12/bin/npm',
1 verbose cli   'start' ]
2 info using npm@1.4.3
3 info using node@v0.11.12
4 verbose run-script [ 'prestart', 'start', 'poststart' ]
5 info prestart cc@0.0.0
6 info start cc@0.0.0
7 verbose unsafe-perm in lifecycle true
8 info cc@0.0.0 Failed to exec start script
9 error cc@0.0.0 start: `backend/app.js`
9 error Exit status 126
10 error Failed at the cc@0.0.0 start script.
10 error This is most likely a problem with the cc package,
10 error not with npm itself.
10 error Tell the author that this fails on your system:
10 error     backend/app.js
10 error You can get their info via:
10 error     npm owner ls cc
10 error There is likely additional logging output above.
11 error System Linux 3.8.0-38-generic
12 error command "/home/sardor/.nvm/v0.11.12/bin/node" "/home/sardor/.nvm/v0.11.12/bin/npm" "start"
13 error cwd /home/sardor/Projects/cc
14 error node -v v0.11.12
15 error npm -v 1.4.3
16 error code ELIFECYCLE
17 verbose exit [ 1, true ]
